\BOOKMARK [0][-]{chapter*.4}{\376\377\0001\000.\000\040\000I\000n\000t\000r\000o\000d\000u\000c\000t\000i\000o\000n}{}% 1
\BOOKMARK [0][-]{chapter*.5}{\376\377\0002\000.\000\040\000B\000a\000c\000k\000g\000r\000o\000u\000n\000d\000\040\000a\000n\000d\000\040\000M\000o\000t\000i\000v\000a\000t\000i\000o\000n}{}% 2
\BOOKMARK [1][-]{section*.6}{\376\377\000A\000i\000r\000\040\000M\000o\000n\000i\000t\000o\000r\000i\000n\000g}{chapter*.5}% 3
\BOOKMARK [1][-]{section*.11}{\376\377\000S\000e\000n\000s\000o\000r\000\040\000N\000e\000t\000w\000o\000r\000k\000s}{chapter*.5}% 4
\BOOKMARK [1][-]{section*.16}{\376\377\000M\000o\000t\000i\000v\000a\000t\000i\000o\000n}{chapter*.5}% 5
\BOOKMARK [0][-]{chapter*.17}{\376\377\0003\000.\000\040\000R\000e\000l\000a\000t\000e\000d\000\040\000W\000o\000r\000k}{}% 6
\BOOKMARK [1][-]{section*.18}{\376\377\000A\000i\000r\000\040\000Q\000u\000a\000l\000i\000t\000y}{chapter*.17}% 7
\BOOKMARK [1][-]{section*.26}{\376\377\000D\000a\000t\000a\000\040\000S\000h\000a\000r\000i\000n\000g\000\040\000S\000o\000l\000u\000t\000i\000o\000n\000s}{chapter*.17}% 8
\BOOKMARK [0][-]{chapter*.30}{\376\377\0004\000.\000\040\000O\000v\000e\000r\000v\000i\000e\000w\000\040\000o\000f\000\040\000D\000e\000s\000i\000g\000n\000\040\000a\000n\000d\000\040\000C\000o\000n\000t\000r\000i\000b\000u\000t\000i\000o\000n\000s}{}% 9
\BOOKMARK [1][-]{section*.31}{\376\377\000M\000a\000c\000h\000i\000n\000e\000\040\000L\000e\000a\000r\000n\000i\000n\000g\000\040\000V\000a\000l\000i\000d\000a\000t\000i\000o\000n}{chapter*.30}% 10
\BOOKMARK [1][-]{section*.32}{\376\377\000C\000h\000a\000i\000n\000A\000P\000I\000\040\000I\000n\000s\000t\000a\000n\000c\000e\000\040\000a\000n\000d\000\040\000T\000o\000o\000l\000s}{chapter*.30}% 11
\BOOKMARK [1][-]{section*.33}{\376\377\000A\000\040\000P\000r\000o\000v\000o\000c\000a\000t\000i\000v\000e\000\040\000E\000x\000a\000m\000p\000l\000e}{chapter*.30}% 12
\BOOKMARK [0][-]{chapter*.34}{\376\377\0005\000.\000\040\000H\000a\000r\000d\000w\000a\000r\000e\000\040\000D\000e\000s\000i\000g\000n\000\040\000a\000n\000d\000\040\000A\000n\000a\000l\000y\000s\000i\000s}{}% 13
\BOOKMARK [1][-]{section*.35}{\376\377\000L\000e\000a\000r\000n\000A\000i\000r\000\040\000V\000e\000r\000s\000i\000o\000n\000\040\0001}{chapter*.34}% 14
\BOOKMARK [1][-]{section*.36}{\376\377\000M\000a\000s\000s\000D\000E\000P\000\040\000S\000i\000t\000e}{chapter*.34}% 15
\BOOKMARK [1][-]{section*.37}{\376\377\000L\000e\000a\000r\000n\000A\000i\000r\000\040\000V\000e\000r\000s\000i\000o\000n\000\040\0002}{chapter*.34}% 16
\BOOKMARK [1][-]{section*.38}{\376\377\000L\000e\000a\000r\000n\000A\000i\000r\000\040\000V\000e\000r\000s\000i\000o\000n\000\040\0003}{chapter*.34}% 17
\BOOKMARK [1][-]{section*.39}{\376\377\000H\000a\000r\000d\000w\000a\000r\000e\000\040\000C\000o\000m\000p\000a\000r\000i\000s\000o\000n\000\040\000a\000n\000d\000\040\000A\000n\000a\000l\000y\000s\000i\000s}{chapter*.34}% 18
\BOOKMARK [0][-]{chapter*.42}{\376\377\0006\000.\000\040\000C\000h\000a\000i\000n\000A\000P\000I\000\040\000f\000o\000r\000\040\000A\000i\000r\000\040\000Q\000u\000a\000l\000i\000t\000y}{}% 19
\BOOKMARK [1][-]{section*.43}{\376\377\000A\000\040\000N\000e\000w\000\040\000O\000n\000t\000o\000l\000o\000g\000y\000\040\000f\000o\000r\000\040\000A\000i\000r\000\040\000Q\000u\000a\000l\000i\000t\000y}{chapter*.42}% 20
\BOOKMARK [1][-]{section*.44}{\376\377\000T\000r\000a\000v\000e\000r\000s\000i\000n\000g\000\040\000C\000h\000a\000i\000n\000A\000P\000I}{chapter*.42}% 21
\BOOKMARK [1][-]{section*.48}{\376\377\000C\000h\000a\000i\000n\000A\000P\000I\000\040\000T\000o\000o\000l\000s\000\040\000f\000o\000r\000\040\000S\000c\000a\000l\000a\000b\000l\000e\000,\000\040\000A\000u\000t\000o\000m\000a\000t\000i\000c\000\040\000D\000a\000t\000a\000\040\000A\000n\000a\000l\000y\000s\000i\000s}{chapter*.42}% 22
\BOOKMARK [1][-]{section*.51}{\376\377\000S\000u\000m\000m\000a\000r\000y}{chapter*.42}% 23
\BOOKMARK [0][-]{chapter*.52}{\376\377\0007\000.\000\040\000D\000a\000t\000a\000\040\000A\000n\000a\000l\000y\000s\000i\000s\000\040\000a\000n\000d\000\040\000M\000a\000c\000h\000i\000n\000e\000\040\000L\000e\000a\000r\000n\000i\000n\000g}{}% 24
\BOOKMARK [1][-]{section*.53}{\376\377\000T\000e\000s\000t\000\040\000C\000o\000n\000d\000i\000t\000i\000o\000n\000s\000\040\000a\000n\000d\000\040\000D\000a\000t\000a\000\040\000C\000o\000l\000l\000e\000c\000t\000i\000o\000n\000\040\000S\000u\000m\000m\000a\000r\000y}{chapter*.52}% 25
\BOOKMARK [1][-]{section*.54}{\376\377\000O\000v\000e\000r\000v\000i\000e\000w\000\040\000o\000f\000\040\000D\000a\000t\000a\000\040\000P\000r\000e\000-\000P\000r\000o\000c\000e\000s\000s\000i\000n\000g\000\040\000a\000n\000d\000\040\000M\000L\000\040\000S\000t\000r\000a\000t\000e\000g\000y}{chapter*.52}% 26
\BOOKMARK [1][-]{section*.55}{\376\377\000M\000a\000c\000h\000i\000n\000e\000\040\000L\000e\000a\000r\000n\000i\000n\000g\000\040\000F\000e\000a\000t\000u\000r\000e\000s}{chapter*.52}% 27
\BOOKMARK [1][-]{section*.56}{\376\377\000G\000e\000n\000e\000r\000a\000l\000\040\000T\000r\000e\000n\000d\000s\000\040\000i\000n\000\040\000t\000h\000e\000\040\000D\000a\000t\000a}{chapter*.52}% 28
\BOOKMARK [1][-]{section*.57}{\376\377\000S\000m\000a\000r\000t\000C\000i\000t\000i\000z\000e\000n\000\040\000C\000O}{chapter*.52}% 29
\BOOKMARK [1][-]{section*.60}{\376\377\000S\000m\000a\000r\000t\000C\000i\000t\000i\000z\000e\000n\000\040\000N\000O\0002}{chapter*.52}% 30
\BOOKMARK [1][-]{section*.63}{\376\377\000S\000h\000a\000r\000p\000\040\000D\000u\000s\000t\000\040\000S\000e\000n\000s\000o\000r}{chapter*.52}% 31
\BOOKMARK [1][-]{section*.66}{\376\377\000A\000l\000p\000h\000a\000S\000e\000n\000s\000e\000\040\000C\000O}{chapter*.52}% 32
\BOOKMARK [1][-]{section*.69}{\376\377\000A\000l\000p\000h\000a\000S\000e\000n\000s\000e\000\040\000N\000O\0002}{chapter*.52}% 33
\BOOKMARK [1][-]{section*.72}{\376\377\000A\000l\000p\000h\000a\000S\000e\000n\000s\000e\000\040\000O\0003}{chapter*.52}% 34
\BOOKMARK [1][-]{section*.75}{\376\377\000R\000e\000s\000u\000l\000t\000s\000\040\000S\000u\000m\000m\000a\000r\000y}{chapter*.52}% 35
\BOOKMARK [0][-]{chapter*.76}{\376\377\0008\000.\000\040\000C\000o\000n\000c\000l\000u\000s\000i\000o\000n\000s\000\040\000a\000n\000d\000\040\000F\000u\000t\000u\000r\000e\000\040\000W\000o\000r\000k}{}% 36
\BOOKMARK [1][-]{section*.77}{\376\377\000I\000n\000s\000i\000g\000h\000t\000s}{chapter*.76}% 37
\BOOKMARK [1][-]{section*.78}{\376\377\000A\000p\000p\000l\000i\000c\000a\000t\000i\000o\000n\000s}{chapter*.76}% 38
\BOOKMARK [1][-]{section*.79}{\376\377\000F\000u\000t\000u\000r\000e\000\040\000W\000o\000r\000k}{chapter*.76}% 39
\BOOKMARK [1][-]{section*.80}{\376\377\000S\000u\000m\000m\000a\000r\000y}{chapter*.76}% 40
\BOOKMARK [0][-]{appendix*.81}{\376\377\000A\000p\000p\000e\000n\000d\000i\000x\000\040\000A\000\040\000-\000\040\000N\000o\000t\000e\000s\000\040\000o\000n\000\040\000P\000r\000o\000j\000e\000c\000t\000\040\000S\000e\000l\000e\000c\000t\000i\000o\000n\000\040\000a\000n\000d\000\040\000P\000r\000i\000o\000r\000\040\000W\000o\000r\000k}{}% 41
\BOOKMARK [0][-]{appendix*.82}{\376\377\000A\000p\000p\000e\000n\000d\000i\000x\000\040\000B\000\040\000-\000\040\000H\000a\000r\000d\000w\000a\000r\000e\000\040\000a\000n\000d\000\040\000F\000i\000r\000m\000w\000a\000r\000e}{}% 42
\BOOKMARK [1][-]{section*.83}{\376\377\000S\000c\000h\000e\000m\000a\000t\000i\000c\000s}{appendix*.82}% 43
\BOOKMARK [1][-]{section*.84}{\376\377\000F\000i\000r\000m\000w\000a\000r\000e}{appendix*.82}% 44
\BOOKMARK [1][-]{section*.85}{\376\377\000H\000a\000r\000d\000w\000a\000r\000e\000\040\000A\000n\000a\000l\000y\000s\000i\000s}{appendix*.82}% 45
\BOOKMARK [0][-]{appendix*.86}{\376\377\000A\000p\000p\000e\000n\000d\000i\000x\000\040\000C\000\040\000-\000\040\000C\000h\000a\000i\000n\000A\000P\000I\000\040\000C\000o\000d\000e}{}% 46
\BOOKMARK [0][-]{appendix*.87}{\376\377\000A\000p\000p\000e\000n\000d\000i\000x\000\040\000D\000\040\000-\000\040\000M\000a\000c\000h\000i\000n\000e\000\040\000L\000e\000a\000r\000n\000i\000n\000g}{}% 47
\BOOKMARK [1][-]{section*.88}{\376\377\000T\000e\000s\000t\000\040\000C\000o\000n\000d\000i\000t\000i\000o\000n\000s\000\040\000a\000n\000d\000\040\000D\000a\000t\000a\000\040\000S\000u\000m\000m\000a\000r\000y}{appendix*.87}% 48
\BOOKMARK [1][-]{section*.89}{\376\377\000D\000a\000t\000a\000\040\000P\000r\000e\000-\000P\000r\000o\000c\000e\000s\000s\000i\000n\000g}{appendix*.87}% 49
\BOOKMARK [1][-]{section*.90}{\376\377\000F\000e\000a\000t\000u\000r\000e\000s}{appendix*.87}% 50
\BOOKMARK [1][-]{section*.91}{\376\377\000S\000m\000a\000r\000t\000C\000i\000t\000i\000z\000e\000n\000\040\000C\000O}{appendix*.87}% 51
\BOOKMARK [1][-]{section*.92}{\376\377\000S\000m\000a\000r\000t\000C\000i\000t\000i\000z\000e\000n\000\040\000N\000O\0002}{appendix*.87}% 52
\BOOKMARK [1][-]{section*.93}{\376\377\000S\000h\000a\000r\000p\000\040\000D\000u\000s\000t\000\040\000S\000e\000n\000s\000o\000r}{appendix*.87}% 53
\BOOKMARK [1][-]{section*.94}{\376\377\000A\000l\000p\000h\000a\000S\000e\000n\000s\000e\000\040\000C\000O}{appendix*.87}% 54
\BOOKMARK [1][-]{section*.95}{\376\377\000A\000l\000p\000h\000a\000S\000e\000n\000s\000e\000\040\000N\000O\0002}{appendix*.87}% 55
\BOOKMARK [1][-]{section*.96}{\376\377\000A\000l\000p\000h\000a\000S\000e\000n\000s\000e\000\040\000O\0003}{appendix*.87}% 56
